<?xml version="1.0" encoding="UTF-8"?>
<!-- Generated by org.testng.reporters.JUnitReportReporter -->
<testsuite hostname="Rahuls-MacBook-Pro.local" failures="0" tests="7" name="com.tests.SanityCreateAccountTest" time="34.967" errors="0" timestamp="2024-04-30T19:39:23 IST" skipped="0">
  <testcase classname="com.tests.SanityCreateAccountTest" name="NewAccountCreate" time="4.330"/>
  <testcase classname="com.tests.SanityCreateAccountTest" name="NameFirst" time="2.490"/>
  <testcase classname="com.tests.SanityCreateAccountTest" name="DuplicateAccount" time="6.253"/>
  <testcase classname="com.tests.SanityCreateAccountTest" name="ForgotPassword" time="4.114"/>
  <testcase classname="com.tests.SanityCreateAccountTest" name="Forgotemail" time="2.996"/>
  <testcase classname="com.tests.SanityCreateAccountTest" name="Weakpassword" time="3.363"/>
  <testcase classname="com.tests.SanityCreateAccountTest" name="ExistedNames" time="11.421"/>
</testsuite> <!-- com.tests.SanityCreateAccountTest -->
