<?xml version="1.0" encoding="UTF-8"?>
<!-- Generated by org.testng.reporters.JUnitReportReporter -->
<testsuite hostname="Rahuls-MacBook-Pro.local" failures="0" tests="4" name="com.tests.RegisterAccountTest" time="17.199" errors="0" timestamp="2024-04-30T19:39:23 IST" skipped="0">
  <testcase classname="com.tests.RegisterAccountTest" name="NewAccountCreate" time="2.419"/>
  <testcase classname="com.tests.RegisterAccountTest" name="NewAccountDetails" time="5.376"/>
  <testcase classname="com.tests.RegisterAccountTest" name="NameFirst" time="3.671"/>
  <testcase classname="com.tests.RegisterAccountTest" name="DuplicateAccount" time="5.733"/>
</testsuite> <!-- com.tests.RegisterAccountTest -->
