<?xml version="1.0" encoding="UTF-8"?>
<!-- Generated by org.testng.reporters.JUnitReportReporter -->
<testsuite hostname="Rahuls-MacBook-Pro.local" failures="0" tests="1" name="com.luma.tests.AppTest" time="0.007" errors="0" timestamp="2024-04-24T23:15:31 IST" skipped="0">
  <testcase classname="com.luma.tests.AppTest" name="test" time="0.007"/>
</testsuite> <!-- com.luma.tests.AppTest -->
