<?xml version="1.0" encoding="UTF-8"?>
<!-- Generated by org.testng.reporters.JUnitReportReporter -->
<testsuite hostname="Rahuls-MacBook-Pro.local" failures="0" tests="1" name="com.tests.ShopFiltersTest" time="15.582" errors="0" timestamp="2024-04-30T19:39:23 IST" skipped="0">
  <testcase classname="com.tests.ShopFiltersTest" name="ShopCatologs" time="15.582"/>
</testsuite> <!-- com.tests.ShopFiltersTest -->
