<?xml version="1.0" encoding="UTF-8"?>
<!-- Generated by org.testng.reporters.JUnitReportReporter -->
<testsuite hostname="Rahuls-MacBook-Pro.local" failures="0" tests="4" name="com.tests.Hometest" time="15.184" errors="0" timestamp="2024-04-30T19:39:23 IST" skipped="0">
  <testcase classname="com.tests.Hometest" name="ClickonItem" time="6.298"/>
  <testcase classname="com.tests.Hometest" name="itemWithoutSpecifications" time="0.436"/>
  <testcase classname="com.tests.Hometest" name="FinalitemtoCart" time="0.464"/>
  <testcase classname="com.tests.Hometest" name="addcart" time="7.986"/>
</testsuite> <!-- com.tests.Hometest -->
