<?xml version="1.0" encoding="UTF-8"?>
<!-- Generated by org.testng.reporters.JUnitReportReporter -->
<testsuite hostname="Rahuls-MacBook-Pro.local" failures="0" tests="1" name="com.tests.LogoutTest" time="5.215" errors="0" timestamp="2024-04-30T19:39:23 IST" skipped="0">
  <testcase classname="com.tests.LogoutTest" name="logout" time="5.215"/>
</testsuite> <!-- com.tests.LogoutTest -->
