<?xml version="1.0" encoding="UTF-8"?>
<!-- Generated by org.testng.reporters.JUnitReportReporter -->
<testsuite hostname="Rahuls-MacBook-Pro.local" failures="0" tests="1" name="com.tests.LogouTest" time="7.263" errors="0" timestamp="2024-04-30T18:57:25 IST" skipped="0">
  <testcase classname="com.tests.LogouTest" name="logout" time="7.263"/>
</testsuite> <!-- com.tests.LogouTest -->
