<?xml version="1.0" encoding="UTF-8"?>
<!-- Generated by org.testng.reporters.JUnitReportReporter -->
<testsuite hostname="Rahuls-MacBook-Pro.local" failures="0" tests="1" name="com.tests.LoginTest" time="10.368" errors="0" timestamp="2024-04-30T19:39:23 IST" skipped="0">
  <testcase classname="com.tests.LoginTest" name="ActualLogin" time="10.368"/>
</testsuite> <!-- com.tests.LoginTest -->
