<?xml version="1.0" encoding="UTF-8"?>
<!-- Generated by org.testng.reporters.JUnitReportReporter -->
<testsuite hostname="Rahuls-MacBook-Pro.local" failures="0" tests="7" name="com.tests.LoginSanityTest" time="41.897" errors="0" timestamp="2024-04-30T19:39:23 IST" skipped="0">
  <testcase classname="com.tests.LoginSanityTest" name="sanityOne" time="7.326"/>
  <testcase classname="com.tests.LoginSanityTest" name="sanityTwo" time="4.647"/>
  <testcase classname="com.tests.LoginSanityTest" name="SanityThree" time="4.672"/>
  <testcase classname="com.tests.LoginSanityTest" name="sanityFour" time="6.490"/>
  <testcase classname="com.tests.LoginSanityTest" name="CreateAccountLogin" time="5.991"/>
  <testcase classname="com.tests.LoginSanityTest" name="invalidPassword" time="6.843"/>
  <testcase classname="com.tests.LoginSanityTest" name="forgotPassword" time="5.928"/>
</testsuite> <!-- com.tests.LoginSanityTest -->
