<?xml version="1.0" encoding="UTF-8"?>
<!-- Generated by org.testng.reporters.JUnitReportReporter -->
<testsuite hostname="Rahuls-MacBook-Pro.local" failures="0" tests="2" name="com.tests.AddCartTest" time="25.379" errors="0" timestamp="2024-04-30T19:39:23 IST" skipped="0">
  <testcase classname="com.tests.AddCartTest" name="EditSumofItems" time="13.772"/>
  <testcase classname="com.tests.AddCartTest" name="RemoveCartitems" time="11.607"/>
</testsuite> <!-- com.tests.AddCartTest -->
